140
-20
-440
250
440
-450
-260
-420
120
-50
-20
240
-170
-420
-290
-460
-130
430
370
-30
30
-170
-180
-470
440
120
350
-210
-20
380
110
-80
320
-60
200
270
480
-330
220
70
230
360
-280
480
-130
250
90
-410
-410
480
170
10
40
-70
160
170
320
90
-120
190
480
510
-310
390
490
450
230
-200
420
90
50
320
60
340
-470
190
-100
80
10
-160
20
-350
140
-230
460
-370
490
-10
-170
-220
190
-110
100
-320
480
30
-410
-10
-430
400
-310
260
480
-240
-90
70
-80
-120
360
-60
-110
-360
-440
0
480
510
120
320
480
-80
420
420
-440
390
510
-130
-320
490
-340
10
-310
280
200
-170
-300
370
160
30
-340
290
-310
